<?xml version="1.0" encoding="UTF-8"?>
<<<<<<< HEAD
<testng-results skipped="9" failed="0" total="9" passed="0">
  <reporter-output>
  </reporter-output>
  <suite name="Suite" duration-ms="115186" started-at="2020-04-10T07:29:41Z" finished-at="2020-04-10T07:31:36Z">
    <groups>
    </groups>
    <test name="ChromeTest" duration-ms="115186" started-at="2020-04-10T07:29:41Z" finished-at="2020-04-10T07:31:36Z">
      <class name="com.Dalrada.Nickandgs.TC_001Reservation_001">
        <test-method status="FAIL" signature="selectBrowsers(java.lang.String)[pri:0, instance:com.Dalrada.Nickandgs.TC_001Reservation_001@75bd9247]" name="selectBrowsers" is-config="true" duration-ms="0" started-at="2020-04-10T12:59:41Z" finished-at="2020-04-10T12:59:41Z">
          <params>
            <param index="0">
              <value>
                <![CDATA[Chrome]]>
              </value>
            </param>
          </params>
          <exception class="org.openqa.selenium.NoSuchWindowException">
            <message>
              <![CDATA[no such window: target window already closed
from unknown error: web view not found
  (Session info: chrome=80.0.3987.163)
Build info: version: '3.141.59', revision: 'e82be7d358', time: '2018-11-14T08:17:03'
System info: host: 'PRAKAT-L005', ip: '192.168.43.120', os.name: 'Windows 10', os.arch: 'amd64', os.version: '10.0', java.version: '1.8.0_202'
Driver info: org.openqa.selenium.chrome.ChromeDriver
Capabilities {acceptInsecureCerts: false, browserName: chrome, browserVersion: 80.0.3987.163, chrome: {chromedriverVersion: 79.0.3945.36 (3582db32b3389..., userDataDir: C:\Users\PRAKAT~1\AppData\L...}, goog:chromeOptions: {debuggerAddress: localhost:56308}, javascriptEnabled: true, networkConnectionEnabled: false, pageLoadStrategy: normal, platform: WINDOWS, platformName: WINDOWS, proxy: Proxy(), setWindowRect: true, strictFileInteractability: false, timeouts: {implicit: 0, pageLoad: 300000, script: 30000}, unhandledPromptBehavior: dismiss and notify}
Session ID: bb701518f3be12dac5e789cc61bbb305]]>
            </message>
            <full-stacktrace>
              <![CDATA[org.openqa.selenium.NoSuchWindowException: no such window: target window already closed
from unknown error: web view not found
  (Session info: chrome=80.0.3987.163)
Build info: version: '3.141.59', revision: 'e82be7d358', time: '2018-11-14T08:17:03'
System info: host: 'PRAKAT-L005', ip: '192.168.43.120', os.name: 'Windows 10', os.arch: 'amd64', os.version: '10.0', java.version: '1.8.0_202'
Driver info: org.openqa.selenium.chrome.ChromeDriver
Capabilities {acceptInsecureCerts: false, browserName: chrome, browserVersion: 80.0.3987.163, chrome: {chromedriverVersion: 79.0.3945.36 (3582db32b3389..., userDataDir: C:\Users\PRAKAT~1\AppData\L...}, goog:chromeOptions: {debuggerAddress: localhost:56308}, javascriptEnabled: true, networkConnectionEnabled: false, pageLoadStrategy: normal, platform: WINDOWS, platformName: WINDOWS, proxy: Proxy(), setWindowRect: true, strictFileInteractability: false, timeouts: {implicit: 0, pageLoad: 300000, script: 30000}, unhandledPromptBehavior: dismiss and notify}
Session ID: bb701518f3be12dac5e789cc61bbb305
	at sun.reflect.NativeConstructorAccessorImpl.newInstance0(Native Method)
	at sun.reflect.NativeConstructorAccessorImpl.newInstance(NativeConstructorAccessorImpl.java:62)
	at sun.reflect.DelegatingConstructorAccessorImpl.newInstance(DelegatingConstructorAccessorImpl.java:45)
	at java.lang.reflect.Constructor.newInstance(Constructor.java:423)
	at org.openqa.selenium.remote.http.W3CHttpResponseCodec.createException(W3CHttpResponseCodec.java:187)
	at org.openqa.selenium.remote.http.W3CHttpResponseCodec.decode(W3CHttpResponseCodec.java:122)
	at org.openqa.selenium.remote.http.W3CHttpResponseCodec.decode(W3CHttpResponseCodec.java:49)
	at org.openqa.selenium.remote.HttpCommandExecutor.execute(HttpCommandExecutor.java:158)
	at org.openqa.selenium.remote.service.DriverCommandExecutor.execute(DriverCommandExecutor.java:83)
	at org.openqa.selenium.remote.RemoteWebDriver.execute(RemoteWebDriver.java:552)
	at org.openqa.selenium.remote.RemoteWebDriver.execute(RemoteWebDriver.java:609)
	at org.openqa.selenium.remote.RemoteWebDriver$RemoteWebDriverOptions$RemoteWindow.maximize(RemoteWebDriver.java:837)
	at Dalrada.Nickandgs.BaseClass.selectBrowsers(BaseClass.java:45)
	at sun.reflect.NativeMethodAccessorImpl.invoke0(Native Method)
	at sun.reflect.NativeMethodAccessorImpl.invoke(NativeMethodAccessorImpl.java:62)
	at sun.reflect.DelegatingMethodAccessorImpl.invoke(DelegatingMethodAccessorImpl.java:43)
	at java.lang.reflect.Method.invoke(Method.java:498)
	at org.testng.internal.MethodInvocationHelper.invokeMethod(MethodInvocationHelper.java:85)
	at org.testng.internal.Invoker.invokeConfigurationMethod(Invoker.java:521)
	at org.testng.internal.Invoker.invokeConfigurations(Invoker.java:213)
	at org.testng.internal.Invoker.invokeConfigurations(Invoker.java:140)
	at org.testng.internal.TestMethodWorker.invokeBeforeClassMethods(TestMethodWorker.java:170)
	at org.testng.internal.TestMethodWorker.run(TestMethodWorker.java:104)
	at org.testng.TestRunner.privateRun(TestRunner.java:771)
	at org.testng.TestRunner.run(TestRunner.java:621)
	at org.testng.SuiteRunner.runTest(SuiteRunner.java:357)
	at org.testng.SuiteRunner.access$000(SuiteRunner.java:38)
	at org.testng.SuiteRunner$SuiteWorker.run(SuiteRunner.java:391)
	at org.testng.internal.thread.ThreadUtil$2.call(ThreadUtil.java:64)
	at java.util.concurrent.FutureTask.run(FutureTask.java:266)
	at java.util.concurrent.ThreadPoolExecutor.runWorker(ThreadPoolExecutor.java:1149)
	at java.util.concurrent.ThreadPoolExecutor$Worker.run(ThreadPoolExecutor.java:624)
	at java.lang.Thread.run(Thread.java:748)
]]>
            </full-stacktrace>
          </exception> <!-- org.openqa.selenium.NoSuchWindowException -->
          <reporter-output>
          </reporter-output>
        </test-method> <!-- selectBrowsers -->
        <test-method status="SKIP" signature="LoginTest()[pri:0, instance:com.Dalrada.Nickandgs.TC_001Reservation_001@75bd9247]" name="LoginTest" duration-ms="2" started-at="2020-04-10T13:01:36Z" finished-at="2020-04-10T13:01:36Z">
          <reporter-output>
          </reporter-output>
        </test-method> <!-- LoginTest -->
        <test-method status="SKIP" signature="tearDown()[pri:0, instance:com.Dalrada.Nickandgs.TC_001Reservation_001@75bd9247]" name="tearDown" is-config="true" duration-ms="0" started-at="2020-04-10T13:01:36Z" finished-at="2020-04-10T13:01:36Z">
          <reporter-output>
          </reporter-output>
        </test-method> <!-- tearDown -->
      </class> <!-- com.Dalrada.Nickandgs.TC_001Reservation_001 -->
      <class name="com.Dalrada.Nickandgs.TC_007OurMenu_007">
        <test-method status="SKIP" signature="selectBrowsers(java.lang.String)[pri:0, instance:com.Dalrada.Nickandgs.TC_007OurMenu_007@48140564]" name="selectBrowsers" is-config="true" duration-ms="0" started-at="2020-04-10T13:01:36Z" finished-at="2020-04-10T13:01:36Z">
          <reporter-output>
          </reporter-output>
        </test-method> <!-- selectBrowsers -->
        <test-method status="SKIP" signature="order()[pri:0, instance:com.Dalrada.Nickandgs.TC_007OurMenu_007@48140564]" name="order" duration-ms="4" started-at="2020-04-10T13:01:36Z" finished-at="2020-04-10T13:01:36Z">
          <reporter-output>
          </reporter-output>
        </test-method> <!-- order -->
        <test-method status="SKIP" signature="tearDown()[pri:0, instance:com.Dalrada.Nickandgs.TC_007OurMenu_007@48140564]" name="tearDown" is-config="true" duration-ms="0" started-at="2020-04-10T13:01:36Z" finished-at="2020-04-10T13:01:36Z">
          <reporter-output>
          </reporter-output>
        </test-method> <!-- tearDown -->
      </class> <!-- com.Dalrada.Nickandgs.TC_007OurMenu_007 -->
      <class name="com.Dalrada.Nickandgs.TC_002OrderOnline_002">
        <test-method status="SKIP" signature="selectBrowsers(java.lang.String)[pri:0, instance:com.Dalrada.Nickandgs.TC_002OrderOnline_002@e580929]" name="selectBrowsers" is-config="true" duration-ms="0" started-at="2020-04-10T13:01:36Z" finished-at="2020-04-10T13:01:36Z">
          <reporter-output>
          </reporter-output>
        </test-method> <!-- selectBrowsers -->
        <test-method status="SKIP" signature="order()[pri:0, instance:com.Dalrada.Nickandgs.TC_002OrderOnline_002@e580929]" name="order" duration-ms="1" started-at="2020-04-10T13:01:36Z" finished-at="2020-04-10T13:01:36Z">
          <reporter-output>
          </reporter-output>
        </test-method> <!-- order -->
        <test-method status="SKIP" signature="tearDown()[pri:0, instance:com.Dalrada.Nickandgs.TC_002OrderOnline_002@e580929]" name="tearDown" is-config="true" duration-ms="0" started-at="2020-04-10T13:01:36Z" finished-at="2020-04-10T13:01:36Z">
          <reporter-output>
          </reporter-output>
        </test-method> <!-- tearDown -->
      </class> <!-- com.Dalrada.Nickandgs.TC_002OrderOnline_002 -->
      <class name="com.Dalrada.Nickandgs.TC_005ExploreMore_005">
        <test-method status="SKIP" signature="selectBrowsers(java.lang.String)[pri:0, instance:com.Dalrada.Nickandgs.TC_005ExploreMore_005@4c203ea1]" name="selectBrowsers" is-config="true" duration-ms="0" started-at="2020-04-10T13:01:36Z" finished-at="2020-04-10T13:01:36Z">
          <reporter-output>
          </reporter-output>
        </test-method> <!-- selectBrowsers -->
        <test-method status="SKIP" signature="order()[pri:0, instance:com.Dalrada.Nickandgs.TC_005ExploreMore_005@4c203ea1]" name="order" duration-ms="3" started-at="2020-04-10T13:01:36Z" finished-at="2020-04-10T13:01:36Z">
          <reporter-output>
          </reporter-output>
        </test-method> <!-- order -->
        <test-method status="SKIP" signature="tearDown()[pri:0, instance:com.Dalrada.Nickandgs.TC_005ExploreMore_005@4c203ea1]" name="tearDown" is-config="true" duration-ms="0" started-at="2020-04-10T13:01:36Z" finished-at="2020-04-10T13:01:36Z">
          <reporter-output>
          </reporter-output>
        </test-method> <!-- tearDown -->
      </class> <!-- com.Dalrada.Nickandgs.TC_005ExploreMore_005 -->
      <class name="com.Dalrada.Nickandgs.TC_006UpcomingEvents_006">
        <test-method status="SKIP" signature="selectBrowsers(java.lang.String)[pri:0, instance:com.Dalrada.Nickandgs.TC_006UpcomingEvents_006@27f674d]" name="selectBrowsers" is-config="true" duration-ms="0" started-at="2020-04-10T13:01:36Z" finished-at="2020-04-10T13:01:36Z">
          <reporter-output>
          </reporter-output>
        </test-method> <!-- selectBrowsers -->
        <test-method status="SKIP" signature="order()[pri:0, instance:com.Dalrada.Nickandgs.TC_006UpcomingEvents_006@27f674d]" name="order" duration-ms="2" started-at="2020-04-10T13:01:36Z" finished-at="2020-04-10T13:01:36Z">
          <reporter-output>
          </reporter-output>
        </test-method> <!-- order -->
        <test-method status="SKIP" signature="tearDown()[pri:0, instance:com.Dalrada.Nickandgs.TC_006UpcomingEvents_006@27f674d]" name="tearDown" is-config="true" duration-ms="0" started-at="2020-04-10T13:01:36Z" finished-at="2020-04-10T13:01:36Z">
          <reporter-output>
          </reporter-output>
        </test-method> <!-- tearDown -->
      </class> <!-- com.Dalrada.Nickandgs.TC_006UpcomingEvents_006 -->
      <class name="com.Dalrada.Nickandgs.TC_004PrivateEvents_004">
        <test-method status="SKIP" signature="selectBrowsers(java.lang.String)[pri:0, instance:com.Dalrada.Nickandgs.TC_004PrivateEvents_004@7c75222b]" name="selectBrowsers" is-config="true" duration-ms="0" started-at="2020-04-10T13:01:36Z" finished-at="2020-04-10T13:01:36Z">
          <reporter-output>
          </reporter-output>
        </test-method> <!-- selectBrowsers -->
        <test-method status="SKIP" signature="order()[pri:0, instance:com.Dalrada.Nickandgs.TC_004PrivateEvents_004@7c75222b]" name="order" duration-ms="0" started-at="2020-04-10T13:01:36Z" finished-at="2020-04-10T13:01:36Z">
          <reporter-output>
          </reporter-output>
        </test-method> <!-- order -->
        <test-method status="SKIP" signature="tearDown()[pri:0, instance:com.Dalrada.Nickandgs.TC_004PrivateEvents_004@7c75222b]" name="tearDown" is-config="true" duration-ms="0" started-at="2020-04-10T13:01:36Z" finished-at="2020-04-10T13:01:36Z">
          <reporter-output>
          </reporter-output>
        </test-method> <!-- tearDown -->
      </class> <!-- com.Dalrada.Nickandgs.TC_004PrivateEvents_004 -->
      <class name="com.Dalrada.Nickandgs.TC_008SignUp_008">
        <test-method status="SKIP" signature="selectBrowsers(java.lang.String)[pri:0, instance:com.Dalrada.Nickandgs.TC_008SignUp_008@58ceff1]" name="selectBrowsers" is-config="true" duration-ms="0" started-at="2020-04-10T13:01:36Z" finished-at="2020-04-10T13:01:36Z">
          <reporter-output>
          </reporter-output>
        </test-method> <!-- selectBrowsers -->
        <test-method status="SKIP" signature="Sign()[pri:0, instance:com.Dalrada.Nickandgs.TC_008SignUp_008@58ceff1]" name="Sign" duration-ms="5" started-at="2020-04-10T13:01:36Z" finished-at="2020-04-10T13:01:36Z">
          <reporter-output>
          </reporter-output>
        </test-method> <!-- Sign -->
        <test-method status="SKIP" signature="tearDown()[pri:0, instance:com.Dalrada.Nickandgs.TC_008SignUp_008@58ceff1]" name="tearDown" is-config="true" duration-ms="0" started-at="2020-04-10T13:01:36Z" finished-at="2020-04-10T13:01:36Z">
          <reporter-output>
          </reporter-output>
        </test-method> <!-- tearDown -->
      </class> <!-- com.Dalrada.Nickandgs.TC_008SignUp_008 -->
      <class name="com.Dalrada.Nickandgs.TC_003Catering_003">
        <test-method status="SKIP" signature="selectBrowsers(java.lang.String)[pri:0, instance:com.Dalrada.Nickandgs.TC_003Catering_003@1cd072a9]" name="selectBrowsers" is-config="true" duration-ms="5" started-at="2020-04-10T13:01:36Z" finished-at="2020-04-10T13:01:36Z">
          <reporter-output>
          </reporter-output>
        </test-method> <!-- selectBrowsers -->
        <test-method status="SKIP" signature="order()[pri:0, instance:com.Dalrada.Nickandgs.TC_003Catering_003@1cd072a9]" name="order" duration-ms="1" started-at="2020-04-10T13:01:36Z" finished-at="2020-04-10T13:01:36Z">
          <reporter-output>
          </reporter-output>
        </test-method> <!-- order -->
        <test-method status="SKIP" signature="tearDown()[pri:0, instance:com.Dalrada.Nickandgs.TC_003Catering_003@1cd072a9]" name="tearDown" is-config="true" duration-ms="0" started-at="2020-04-10T13:01:36Z" finished-at="2020-04-10T13:01:36Z">
          <reporter-output>
          </reporter-output>
        </test-method> <!-- tearDown -->
      </class> <!-- com.Dalrada.Nickandgs.TC_003Catering_003 -->
      <class name="com.Dalrada.Nickandgs.TC_009NGSignup_009">
        <test-method status="SKIP" signature="selectBrowsers(java.lang.String)[pri:0, instance:com.Dalrada.Nickandgs.TC_009NGSignup_009@7c30a502]" name="selectBrowsers" is-config="true" duration-ms="0" started-at="2020-04-10T13:01:36Z" finished-at="2020-04-10T13:01:36Z">
          <reporter-output>
          </reporter-output>
        </test-method> <!-- selectBrowsers -->
        <test-method status="SKIP" signature="Sign()[pri:0, instance:com.Dalrada.Nickandgs.TC_009NGSignup_009@7c30a502]" name="Sign" duration-ms="0" started-at="2020-04-10T13:01:36Z" finished-at="2020-04-10T13:01:36Z">
          <reporter-output>
          </reporter-output>
        </test-method> <!-- Sign -->
        <test-method status="SKIP" signature="tearDown()[pri:0, instance:com.Dalrada.Nickandgs.TC_009NGSignup_009@7c30a502]" name="tearDown" is-config="true" duration-ms="0" started-at="2020-04-10T13:01:36Z" finished-at="2020-04-10T13:01:36Z">
          <reporter-output>
          </reporter-output>
        </test-method> <!-- tearDown -->
      </class> <!-- com.Dalrada.Nickandgs.TC_009NGSignup_009 -->
    </test> <!-- ChromeTest -->
=======
<testng-results skipped="2" failed="0" ignored="0" total="6" passed="4">
  <reporter-output>
  </reporter-output>
  <suite name="Suite" duration-ms="133352" started-at="2020-03-14T09:13:24 IST" finished-at="2020-03-14T09:15:37 IST">
    <groups>
    </groups>
    <test name="Test" duration-ms="133352" started-at="2020-03-14T09:13:24 IST" finished-at="2020-03-14T09:15:37 IST">
      <class name="RestAssured.Focus.Tc_001HomePage">
        <test-method status="PASS" signature="selectBrowsers()[pri:0, instance:RestAssured.Focus.Tc_001HomePage@4d95d2a2]" name="selectBrowsers" is-config="true" duration-ms="21002" started-at="2020-03-14T09:13:24 IST" finished-at="2020-03-14T09:13:45 IST">
          <reporter-output>
          </reporter-output>
        </test-method> <!-- selectBrowsers -->
        <test-method status="PASS" signature="LoginTest()[pri:0, instance:RestAssured.Focus.Tc_001HomePage@4d95d2a2]" name="LoginTest" duration-ms="705" started-at="2020-03-14T09:13:45 IST" finished-at="2020-03-14T09:13:46 IST">
          <reporter-output>
          </reporter-output>
        </test-method> <!-- LoginTest -->
        <test-method status="PASS" signature="tearDown()[pri:0, instance:RestAssured.Focus.Tc_001HomePage@4d95d2a2]" name="tearDown" is-config="true" duration-ms="765" started-at="2020-03-14T09:13:46 IST" finished-at="2020-03-14T09:13:47 IST">
          <reporter-output>
          </reporter-output>
        </test-method> <!-- tearDown -->
      </class> <!-- RestAssured.Focus.Tc_001HomePage -->
      <class name="RestAssured.Focus.Tc_002AboutUs">
        <test-method status="PASS" signature="selectBrowsers()[pri:0, instance:RestAssured.Focus.Tc_002AboutUs@53f65459]" name="selectBrowsers" is-config="true" duration-ms="19675" started-at="2020-03-14T09:13:47 IST" finished-at="2020-03-14T09:14:06 IST">
          <reporter-output>
          </reporter-output>
        </test-method> <!-- selectBrowsers -->
        <test-method status="PASS" signature="LoginTest()[pri:0, instance:RestAssured.Focus.Tc_002AboutUs@53f65459]" name="LoginTest" duration-ms="6643" started-at="2020-03-14T09:14:06 IST" finished-at="2020-03-14T09:14:13 IST">
          <reporter-output>
          </reporter-output>
        </test-method> <!-- LoginTest -->
        <test-method status="PASS" signature="tearDown()[pri:0, instance:RestAssured.Focus.Tc_002AboutUs@53f65459]" name="tearDown" is-config="true" duration-ms="832" started-at="2020-03-14T09:14:13 IST" finished-at="2020-03-14T09:14:14 IST">
          <reporter-output>
          </reporter-output>
        </test-method> <!-- tearDown -->
      </class> <!-- RestAssured.Focus.Tc_002AboutUs -->
      <class name="RestAssured.Focus.Tc_004Commercialpage">
        <test-method status="PASS" signature="selectBrowsers()[pri:0, instance:RestAssured.Focus.Tc_004Commercialpage@1786dec2]" name="selectBrowsers" is-config="true" duration-ms="20299" started-at="2020-03-14T09:14:41 IST" finished-at="2020-03-14T09:15:01 IST">
          <reporter-output>
          </reporter-output>
        </test-method> <!-- selectBrowsers -->
        <test-method status="PASS" signature="LoginTest()[pri:0, instance:RestAssured.Focus.Tc_004Commercialpage@1786dec2]" name="LoginTest" duration-ms="7033" started-at="2020-03-14T09:15:01 IST" finished-at="2020-03-14T09:15:08 IST">
          <reporter-output>
          </reporter-output>
        </test-method> <!-- LoginTest -->
        <test-method status="PASS" signature="tearDown()[pri:0, instance:RestAssured.Focus.Tc_004Commercialpage@1786dec2]" name="tearDown" is-config="true" duration-ms="780" started-at="2020-03-14T09:15:08 IST" finished-at="2020-03-14T09:15:09 IST">
          <reporter-output>
          </reporter-output>
        </test-method> <!-- tearDown -->
      </class> <!-- RestAssured.Focus.Tc_004Commercialpage -->
      <class name="RestAssured.Focus.Tc_005Contactus">
        <test-method status="FAIL" signature="selectBrowsers()[pri:0, instance:RestAssured.Focus.Tc_005Contactus@74650e52]" name="selectBrowsers" is-config="true" duration-ms="12675" started-at="2020-03-14T09:15:09 IST" finished-at="2020-03-14T09:15:22 IST">
          <exception class="org.openqa.selenium.NoSuchWindowException">
            <message>
              <![CDATA[no such window: target window already closed
from unknown error: web view not found
  (Session info: chrome=80.0.3987.132)
Build info: version: '3.141.5', revision: 'd54ebd709a', time: '2018-11-06T11:42:16'
System info: host: 'PRAKAT-L-015', ip: '192.168.1.147', os.name: 'Windows 10', os.arch: 'amd64', os.version: '10.0', java.version: '1.8.0_202'
Driver info: org.openqa.selenium.chrome.ChromeDriver
Capabilities {acceptInsecureCerts: false, browserName: chrome, browserVersion: 80.0.3987.132, chrome: {chromedriverVersion: 79.0.3945.36 (3582db32b3389..., userDataDir: C:\Users\PRAKAT~2\AppData\L...}, goog:chromeOptions: {debuggerAddress: localhost:51143}, javascriptEnabled: true, networkConnectionEnabled: false, pageLoadStrategy: normal, platform: WINDOWS, platformName: WINDOWS, proxy: Proxy(), setWindowRect: true, strictFileInteractability: false, timeouts: {implicit: 0, pageLoad: 300000, script: 30000}, unhandledPromptBehavior: dismiss and notify}
Session ID: 432b2373e673f24ff8c90046c8997b63]]>
            </message>
            <full-stacktrace>
              <![CDATA[org.openqa.selenium.NoSuchWindowException: no such window: target window already closed
from unknown error: web view not found
  (Session info: chrome=80.0.3987.132)
Build info: version: '3.141.5', revision: 'd54ebd709a', time: '2018-11-06T11:42:16'
System info: host: 'PRAKAT-L-015', ip: '192.168.1.147', os.name: 'Windows 10', os.arch: 'amd64', os.version: '10.0', java.version: '1.8.0_202'
Driver info: org.openqa.selenium.chrome.ChromeDriver
Capabilities {acceptInsecureCerts: false, browserName: chrome, browserVersion: 80.0.3987.132, chrome: {chromedriverVersion: 79.0.3945.36 (3582db32b3389..., userDataDir: C:\Users\PRAKAT~2\AppData\L...}, goog:chromeOptions: {debuggerAddress: localhost:51143}, javascriptEnabled: true, networkConnectionEnabled: false, pageLoadStrategy: normal, platform: WINDOWS, platformName: WINDOWS, proxy: Proxy(), setWindowRect: true, strictFileInteractability: false, timeouts: {implicit: 0, pageLoad: 300000, script: 30000}, unhandledPromptBehavior: dismiss and notify}
Session ID: 432b2373e673f24ff8c90046c8997b63
at sun.reflect.NativeConstructorAccessorImpl.newInstance0(Native Method)
at sun.reflect.NativeConstructorAccessorImpl.newInstance(NativeConstructorAccessorImpl.java:62)
at sun.reflect.DelegatingConstructorAccessorImpl.newInstance(DelegatingConstructorAccessorImpl.java:45)
at java.lang.reflect.Constructor.newInstance(Constructor.java:423)
at org.openqa.selenium.remote.http.W3CHttpResponseCodec.createException(W3CHttpResponseCodec.java:187)
at org.openqa.selenium.remote.http.W3CHttpResponseCodec.decode(W3CHttpResponseCodec.java:122)
at org.openqa.selenium.remote.http.W3CHttpResponseCodec.decode(W3CHttpResponseCodec.java:49)
at org.openqa.selenium.remote.HttpCommandExecutor.execute(HttpCommandExecutor.java:158)
at org.openqa.selenium.remote.service.DriverCommandExecutor.execute(DriverCommandExecutor.java:83)
at org.openqa.selenium.remote.RemoteWebDriver.execute(RemoteWebDriver.java:552)
at org.openqa.selenium.remote.RemoteWebDriver.execute(RemoteWebDriver.java:609)
at org.openqa.selenium.remote.RemoteWebDriver$RemoteWebDriverOptions$RemoteWindow.maximize(RemoteWebDriver.java:837)
at RestAssured.Focus.BaseClass.selectBrowsers(BaseClass.java:18)
at sun.reflect.NativeMethodAccessorImpl.invoke0(Native Method)
at sun.reflect.NativeMethodAccessorImpl.invoke(NativeMethodAccessorImpl.java:62)
at sun.reflect.DelegatingMethodAccessorImpl.invoke(DelegatingMethodAccessorImpl.java:43)
at java.lang.reflect.Method.invoke(Method.java:498)
at org.testng.internal.MethodInvocationHelper.invokeMethod(MethodInvocationHelper.java:134)
at org.testng.internal.MethodInvocationHelper.invokeMethodConsideringTimeout(MethodInvocationHelper.java:63)
at org.testng.internal.ConfigInvoker.invokeConfigurationMethod(ConfigInvoker.java:348)
at org.testng.internal.ConfigInvoker.invokeConfigurations(ConfigInvoker.java:302)
at org.testng.internal.TestMethodWorker.invokeBeforeClassMethods(TestMethodWorker.java:176)
at org.testng.internal.TestMethodWorker.run(TestMethodWorker.java:122)
at java.util.ArrayList.forEach(ArrayList.java:1257)
at org.testng.TestRunner.privateRun(TestRunner.java:766)
at org.testng.TestRunner.run(TestRunner.java:587)
at org.testng.SuiteRunner.runTest(SuiteRunner.java:384)
at org.testng.SuiteRunner.access$000(SuiteRunner.java:28)
at org.testng.SuiteRunner$SuiteWorker.run(SuiteRunner.java:425)
at org.testng.internal.thread.ThreadUtil.lambda$execute$0(ThreadUtil.java:68)
at java.util.concurrent.FutureTask.run(FutureTask.java:266)
at java.util.concurrent.ThreadPoolExecutor.runWorker(ThreadPoolExecutor.java:1149)
at java.util.concurrent.ThreadPoolExecutor$Worker.run(ThreadPoolExecutor.java:624)
at java.lang.Thread.run(Thread.java:748)
]]>
            </full-stacktrace>
          </exception> <!-- org.openqa.selenium.NoSuchWindowException -->
          <reporter-output>
          </reporter-output>
        </test-method> <!-- selectBrowsers -->
        <test-method status="SKIP" signature="LoginTest()[pri:0, instance:RestAssured.Focus.Tc_005Contactus@74650e52]" name="LoginTest" duration-ms="0" started-at="2020-03-14T09:15:22 IST" finished-at="2020-03-14T09:15:22 IST">
          <exception class="org.openqa.selenium.NoSuchWindowException">
            <message>
              <![CDATA[no such window: target window already closed
from unknown error: web view not found
  (Session info: chrome=80.0.3987.132)
Build info: version: '3.141.5', revision: 'd54ebd709a', time: '2018-11-06T11:42:16'
System info: host: 'PRAKAT-L-015', ip: '192.168.1.147', os.name: 'Windows 10', os.arch: 'amd64', os.version: '10.0', java.version: '1.8.0_202'
Driver info: org.openqa.selenium.chrome.ChromeDriver
Capabilities {acceptInsecureCerts: false, browserName: chrome, browserVersion: 80.0.3987.132, chrome: {chromedriverVersion: 79.0.3945.36 (3582db32b3389..., userDataDir: C:\Users\PRAKAT~2\AppData\L...}, goog:chromeOptions: {debuggerAddress: localhost:51143}, javascriptEnabled: true, networkConnectionEnabled: false, pageLoadStrategy: normal, platform: WINDOWS, platformName: WINDOWS, proxy: Proxy(), setWindowRect: true, strictFileInteractability: false, timeouts: {implicit: 0, pageLoad: 300000, script: 30000}, unhandledPromptBehavior: dismiss and notify}
Session ID: 432b2373e673f24ff8c90046c8997b63]]>
            </message>
            <full-stacktrace>
              <![CDATA[org.openqa.selenium.NoSuchWindowException: no such window: target window already closed
from unknown error: web view not found
  (Session info: chrome=80.0.3987.132)
Build info: version: '3.141.5', revision: 'd54ebd709a', time: '2018-11-06T11:42:16'
System info: host: 'PRAKAT-L-015', ip: '192.168.1.147', os.name: 'Windows 10', os.arch: 'amd64', os.version: '10.0', java.version: '1.8.0_202'
Driver info: org.openqa.selenium.chrome.ChromeDriver
Capabilities {acceptInsecureCerts: false, browserName: chrome, browserVersion: 80.0.3987.132, chrome: {chromedriverVersion: 79.0.3945.36 (3582db32b3389..., userDataDir: C:\Users\PRAKAT~2\AppData\L...}, goog:chromeOptions: {debuggerAddress: localhost:51143}, javascriptEnabled: true, networkConnectionEnabled: false, pageLoadStrategy: normal, platform: WINDOWS, platformName: WINDOWS, proxy: Proxy(), setWindowRect: true, strictFileInteractability: false, timeouts: {implicit: 0, pageLoad: 300000, script: 30000}, unhandledPromptBehavior: dismiss and notify}
Session ID: 432b2373e673f24ff8c90046c8997b63
at sun.reflect.NativeConstructorAccessorImpl.newInstance0(Native Method)
at sun.reflect.NativeConstructorAccessorImpl.newInstance(NativeConstructorAccessorImpl.java:62)
at sun.reflect.DelegatingConstructorAccessorImpl.newInstance(DelegatingConstructorAccessorImpl.java:45)
at java.lang.reflect.Constructor.newInstance(Constructor.java:423)
at org.openqa.selenium.remote.http.W3CHttpResponseCodec.createException(W3CHttpResponseCodec.java:187)
at org.openqa.selenium.remote.http.W3CHttpResponseCodec.decode(W3CHttpResponseCodec.java:122)
at org.openqa.selenium.remote.http.W3CHttpResponseCodec.decode(W3CHttpResponseCodec.java:49)
at org.openqa.selenium.remote.HttpCommandExecutor.execute(HttpCommandExecutor.java:158)
at org.openqa.selenium.remote.service.DriverCommandExecutor.execute(DriverCommandExecutor.java:83)
at org.openqa.selenium.remote.RemoteWebDriver.execute(RemoteWebDriver.java:552)
at org.openqa.selenium.remote.RemoteWebDriver.execute(RemoteWebDriver.java:609)
at org.openqa.selenium.remote.RemoteWebDriver$RemoteWebDriverOptions$RemoteWindow.maximize(RemoteWebDriver.java:837)
at RestAssured.Focus.BaseClass.selectBrowsers(BaseClass.java:18)
at sun.reflect.NativeMethodAccessorImpl.invoke0(Native Method)
at sun.reflect.NativeMethodAccessorImpl.invoke(NativeMethodAccessorImpl.java:62)
at sun.reflect.DelegatingMethodAccessorImpl.invoke(DelegatingMethodAccessorImpl.java:43)
at java.lang.reflect.Method.invoke(Method.java:498)
at org.testng.internal.MethodInvocationHelper.invokeMethod(MethodInvocationHelper.java:134)
at org.testng.internal.MethodInvocationHelper.invokeMethodConsideringTimeout(MethodInvocationHelper.java:63)
at org.testng.internal.ConfigInvoker.invokeConfigurationMethod(ConfigInvoker.java:348)
at org.testng.internal.ConfigInvoker.invokeConfigurations(ConfigInvoker.java:302)
at org.testng.internal.TestMethodWorker.invokeBeforeClassMethods(TestMethodWorker.java:176)
at org.testng.internal.TestMethodWorker.run(TestMethodWorker.java:122)
at java.util.ArrayList.forEach(ArrayList.java:1257)
at org.testng.TestRunner.privateRun(TestRunner.java:766)
at org.testng.TestRunner.run(TestRunner.java:587)
at org.testng.SuiteRunner.runTest(SuiteRunner.java:384)
at org.testng.SuiteRunner.access$000(SuiteRunner.java:28)
at org.testng.SuiteRunner$SuiteWorker.run(SuiteRunner.java:425)
at org.testng.internal.thread.ThreadUtil.lambda$execute$0(ThreadUtil.java:68)
at java.util.concurrent.FutureTask.run(FutureTask.java:266)
at java.util.concurrent.ThreadPoolExecutor.runWorker(ThreadPoolExecutor.java:1149)
at java.util.concurrent.ThreadPoolExecutor$Worker.run(ThreadPoolExecutor.java:624)
at java.lang.Thread.run(Thread.java:748)
]]>
            </full-stacktrace>
          </exception> <!-- org.openqa.selenium.NoSuchWindowException -->
          <reporter-output>
          </reporter-output>
        </test-method> <!-- LoginTest -->
        <test-method status="SKIP" signature="tearDown()[pri:0, instance:RestAssured.Focus.Tc_005Contactus@74650e52]" name="tearDown" is-config="true" duration-ms="-1584157522251" started-at="2020-03-14T09:15:22 IST" finished-at="1970-01-01T05:30:00 IST">
          <reporter-output>
          </reporter-output>
        </test-method> <!-- tearDown -->
      </class> <!-- RestAssured.Focus.Tc_005Contactus -->
      <class name="RestAssured.Focus.Tc_006ApllyNowpage">
        <test-method status="FAIL" signature="selectBrowsers()[pri:0, instance:RestAssured.Focus.Tc_006ApllyNowpage@15d0c81b]" name="selectBrowsers" is-config="true" duration-ms="15662" started-at="2020-03-14T09:15:22 IST" finished-at="2020-03-14T09:15:37 IST">
          <exception class="org.openqa.selenium.SessionNotCreatedException">
            <message>
              <![CDATA[session not created
from chrome not reachable
  (Session info: chrome=80.0.3987.132)
Build info: version: '3.141.5', revision: 'd54ebd709a', time: '2018-11-06T11:42:16'
System info: host: 'PRAKAT-L-015', ip: '192.168.1.147', os.name: 'Windows 10', os.arch: 'amd64', os.version: '10.0', java.version: '1.8.0_202'
Driver info: driver.version: ChromeDriver
remote stacktrace: Backtrace:
Ordinal0 [0x0086A113+1548563]
Ordinal0 [0x007EDDA1+1039777]
Ordinal0 [0x0076E32E+516910]
Ordinal0 [0x00768012+491538]
Ordinal0 [0x007686EB+493291]
Ordinal0 [0x00769855+497749]
Ordinal0 [0x00765885+481413]
Ordinal0 [0x0076F0D0+520400]
Ordinal0 [0x0071C030+180272]
Ordinal0 [0x0071B59D+177565]
Ordinal0 [0x007195FB+169467]
Ordinal0 [0x0070160A+71178]
Ordinal0 [0x00702690+75408]
Ordinal0 [0x00702629+75305]
Ordinal0 [0x008071B7+1143223]
GetHandleVerifier [0x00902B46+507814]
GetHandleVerifier [0x00902864+507076]
GetHandleVerifier [0x00909F47+537511]
GetHandleVerifier [0x00903402+510050]
Ordinal0 [0x007FF29C+1110684]
Ordinal0 [0x0080938B+1151883]
Ordinal0 [0x008094F3+1152243]
Ordinal0 [0x008083F5+1147893]
BaseThreadInitThunk [0x756C6359+25]
RtlGetAppContainerNamedObjectPath [0x77257B74+228]
RtlGetAppContainerNamedObjectPath [0x77257B44+180]
]]>
            </message>
            <full-stacktrace>
              <![CDATA[org.openqa.selenium.SessionNotCreatedException: session not created
from chrome not reachable
  (Session info: chrome=80.0.3987.132)
Build info: version: '3.141.5', revision: 'd54ebd709a', time: '2018-11-06T11:42:16'
System info: host: 'PRAKAT-L-015', ip: '192.168.1.147', os.name: 'Windows 10', os.arch: 'amd64', os.version: '10.0', java.version: '1.8.0_202'
Driver info: driver.version: ChromeDriver
remote stacktrace: Backtrace:
Ordinal0 [0x0086A113+1548563]
Ordinal0 [0x007EDDA1+1039777]
Ordinal0 [0x0076E32E+516910]
Ordinal0 [0x00768012+491538]
Ordinal0 [0x007686EB+493291]
Ordinal0 [0x00769855+497749]
Ordinal0 [0x00765885+481413]
Ordinal0 [0x0076F0D0+520400]
Ordinal0 [0x0071C030+180272]
Ordinal0 [0x0071B59D+177565]
Ordinal0 [0x007195FB+169467]
Ordinal0 [0x0070160A+71178]
Ordinal0 [0x00702690+75408]
Ordinal0 [0x00702629+75305]
Ordinal0 [0x008071B7+1143223]
GetHandleVerifier [0x00902B46+507814]
GetHandleVerifier [0x00902864+507076]
GetHandleVerifier [0x00909F47+537511]
GetHandleVerifier [0x00903402+510050]
Ordinal0 [0x007FF29C+1110684]
Ordinal0 [0x0080938B+1151883]
Ordinal0 [0x008094F3+1152243]
Ordinal0 [0x008083F5+1147893]
BaseThreadInitThunk [0x756C6359+25]
RtlGetAppContainerNamedObjectPath [0x77257B74+228]
RtlGetAppContainerNamedObjectPath [0x77257B44+180]

at sun.reflect.NativeConstructorAccessorImpl.newInstance0(Native Method)
at sun.reflect.NativeConstructorAccessorImpl.newInstance(NativeConstructorAccessorImpl.java:62)
at sun.reflect.DelegatingConstructorAccessorImpl.newInstance(DelegatingConstructorAccessorImpl.java:45)
at java.lang.reflect.Constructor.newInstance(Constructor.java:423)
at org.openqa.selenium.remote.W3CHandshakeResponse.lambda$errorHandler$0(W3CHandshakeResponse.java:62)
at org.openqa.selenium.remote.HandshakeResponse.lambda$getResponseFunction$0(HandshakeResponse.java:30)
at org.openqa.selenium.remote.ProtocolHandshake.lambda$createSession$0(ProtocolHandshake.java:123)
at java.util.stream.ReferencePipeline$3$1.accept(ReferencePipeline.java:193)
at java.util.Spliterators$ArraySpliterator.tryAdvance(Spliterators.java:958)
at java.util.stream.ReferencePipeline.forEachWithCancel(ReferencePipeline.java:126)
at java.util.stream.AbstractPipeline.copyIntoWithCancel(AbstractPipeline.java:498)
at java.util.stream.AbstractPipeline.copyInto(AbstractPipeline.java:485)
at java.util.stream.AbstractPipeline.wrapAndCopyInto(AbstractPipeline.java:471)
at java.util.stream.FindOps$FindOp.evaluateSequential(FindOps.java:152)
at java.util.stream.AbstractPipeline.evaluate(AbstractPipeline.java:234)
at java.util.stream.ReferencePipeline.findFirst(ReferencePipeline.java:464)
at org.openqa.selenium.remote.ProtocolHandshake.createSession(ProtocolHandshake.java:125)
at org.openqa.selenium.remote.ProtocolHandshake.createSession(ProtocolHandshake.java:74)
at org.openqa.selenium.remote.HttpCommandExecutor.execute(HttpCommandExecutor.java:136)
at org.openqa.selenium.remote.service.DriverCommandExecutor.execute(DriverCommandExecutor.java:83)
at org.openqa.selenium.remote.RemoteWebDriver.execute(RemoteWebDriver.java:552)
at org.openqa.selenium.remote.RemoteWebDriver.startSession(RemoteWebDriver.java:213)
at org.openqa.selenium.remote.RemoteWebDriver.<init>(RemoteWebDriver.java:131)
at org.openqa.selenium.chrome.ChromeDriver.<init>(ChromeDriver.java:181)
at org.openqa.selenium.chrome.ChromeDriver.<init>(ChromeDriver.java:168)
at org.openqa.selenium.chrome.ChromeDriver.<init>(ChromeDriver.java:123)
at RestAssured.Focus.BaseClass.selectBrowsers(BaseClass.java:16)
at sun.reflect.NativeMethodAccessorImpl.invoke0(Native Method)
at sun.reflect.NativeMethodAccessorImpl.invoke(NativeMethodAccessorImpl.java:62)
at sun.reflect.DelegatingMethodAccessorImpl.invoke(DelegatingMethodAccessorImpl.java:43)
at java.lang.reflect.Method.invoke(Method.java:498)
at org.testng.internal.MethodInvocationHelper.invokeMethod(MethodInvocationHelper.java:134)
at org.testng.internal.MethodInvocationHelper.invokeMethodConsideringTimeout(MethodInvocationHelper.java:63)
at org.testng.internal.ConfigInvoker.invokeConfigurationMethod(ConfigInvoker.java:348)
at org.testng.internal.ConfigInvoker.invokeConfigurations(ConfigInvoker.java:302)
at org.testng.internal.TestMethodWorker.invokeBeforeClassMethods(TestMethodWorker.java:176)
at org.testng.internal.TestMethodWorker.run(TestMethodWorker.java:122)
at java.util.ArrayList.forEach(ArrayList.java:1257)
at org.testng.TestRunner.privateRun(TestRunner.java:766)
at org.testng.TestRunner.run(TestRunner.java:587)
at org.testng.SuiteRunner.runTest(SuiteRunner.java:384)
at org.testng.SuiteRunner.access$000(SuiteRunner.java:28)
at org.testng.SuiteRunner$SuiteWorker.run(SuiteRunner.java:425)
at org.testng.internal.thread.ThreadUtil.lambda$execute$0(ThreadUtil.java:68)
at java.util.concurrent.FutureTask.run(FutureTask.java:266)
at java.util.concurrent.ThreadPoolExecutor.runWorker(ThreadPoolExecutor.java:1149)
at java.util.concurrent.ThreadPoolExecutor$Worker.run(ThreadPoolExecutor.java:624)
at java.lang.Thread.run(Thread.java:748)
]]>
            </full-stacktrace>
          </exception> <!-- org.openqa.selenium.SessionNotCreatedException -->
          <reporter-output>
          </reporter-output>
        </test-method> <!-- selectBrowsers -->
        <test-method status="SKIP" signature="LoginTest()[pri:0, instance:RestAssured.Focus.Tc_006ApllyNowpage@15d0c81b]" name="LoginTest" duration-ms="0" started-at="2020-03-14T09:15:37 IST" finished-at="2020-03-14T09:15:37 IST">
          <exception class="org.openqa.selenium.SessionNotCreatedException">
            <message>
              <![CDATA[session not created
from chrome not reachable
  (Session info: chrome=80.0.3987.132)
Build info: version: '3.141.5', revision: 'd54ebd709a', time: '2018-11-06T11:42:16'
System info: host: 'PRAKAT-L-015', ip: '192.168.1.147', os.name: 'Windows 10', os.arch: 'amd64', os.version: '10.0', java.version: '1.8.0_202'
Driver info: driver.version: ChromeDriver
remote stacktrace: Backtrace:
Ordinal0 [0x0086A113+1548563]
Ordinal0 [0x007EDDA1+1039777]
Ordinal0 [0x0076E32E+516910]
Ordinal0 [0x00768012+491538]
Ordinal0 [0x007686EB+493291]
Ordinal0 [0x00769855+497749]
Ordinal0 [0x00765885+481413]
Ordinal0 [0x0076F0D0+520400]
Ordinal0 [0x0071C030+180272]
Ordinal0 [0x0071B59D+177565]
Ordinal0 [0x007195FB+169467]
Ordinal0 [0x0070160A+71178]
Ordinal0 [0x00702690+75408]
Ordinal0 [0x00702629+75305]
Ordinal0 [0x008071B7+1143223]
GetHandleVerifier [0x00902B46+507814]
GetHandleVerifier [0x00902864+507076]
GetHandleVerifier [0x00909F47+537511]
GetHandleVerifier [0x00903402+510050]
Ordinal0 [0x007FF29C+1110684]
Ordinal0 [0x0080938B+1151883]
Ordinal0 [0x008094F3+1152243]
Ordinal0 [0x008083F5+1147893]
BaseThreadInitThunk [0x756C6359+25]
RtlGetAppContainerNamedObjectPath [0x77257B74+228]
RtlGetAppContainerNamedObjectPath [0x77257B44+180]
]]>
            </message>
            <full-stacktrace>
              <![CDATA[org.openqa.selenium.SessionNotCreatedException: session not created
from chrome not reachable
  (Session info: chrome=80.0.3987.132)
Build info: version: '3.141.5', revision: 'd54ebd709a', time: '2018-11-06T11:42:16'
System info: host: 'PRAKAT-L-015', ip: '192.168.1.147', os.name: 'Windows 10', os.arch: 'amd64', os.version: '10.0', java.version: '1.8.0_202'
Driver info: driver.version: ChromeDriver
remote stacktrace: Backtrace:
Ordinal0 [0x0086A113+1548563]
Ordinal0 [0x007EDDA1+1039777]
Ordinal0 [0x0076E32E+516910]
Ordinal0 [0x00768012+491538]
Ordinal0 [0x007686EB+493291]
Ordinal0 [0x00769855+497749]
Ordinal0 [0x00765885+481413]
Ordinal0 [0x0076F0D0+520400]
Ordinal0 [0x0071C030+180272]
Ordinal0 [0x0071B59D+177565]
Ordinal0 [0x007195FB+169467]
Ordinal0 [0x0070160A+71178]
Ordinal0 [0x00702690+75408]
Ordinal0 [0x00702629+75305]
Ordinal0 [0x008071B7+1143223]
GetHandleVerifier [0x00902B46+507814]
GetHandleVerifier [0x00902864+507076]
GetHandleVerifier [0x00909F47+537511]
GetHandleVerifier [0x00903402+510050]
Ordinal0 [0x007FF29C+1110684]
Ordinal0 [0x0080938B+1151883]
Ordinal0 [0x008094F3+1152243]
Ordinal0 [0x008083F5+1147893]
BaseThreadInitThunk [0x756C6359+25]
RtlGetAppContainerNamedObjectPath [0x77257B74+228]
RtlGetAppContainerNamedObjectPath [0x77257B44+180]

at sun.reflect.NativeConstructorAccessorImpl.newInstance0(Native Method)
at sun.reflect.NativeConstructorAccessorImpl.newInstance(NativeConstructorAccessorImpl.java:62)
at sun.reflect.DelegatingConstructorAccessorImpl.newInstance(DelegatingConstructorAccessorImpl.java:45)
at java.lang.reflect.Constructor.newInstance(Constructor.java:423)
at org.openqa.selenium.remote.W3CHandshakeResponse.lambda$errorHandler$0(W3CHandshakeResponse.java:62)
at org.openqa.selenium.remote.HandshakeResponse.lambda$getResponseFunction$0(HandshakeResponse.java:30)
at org.openqa.selenium.remote.ProtocolHandshake.lambda$createSession$0(ProtocolHandshake.java:123)
at java.util.stream.ReferencePipeline$3$1.accept(ReferencePipeline.java:193)
at java.util.Spliterators$ArraySpliterator.tryAdvance(Spliterators.java:958)
at java.util.stream.ReferencePipeline.forEachWithCancel(ReferencePipeline.java:126)
at java.util.stream.AbstractPipeline.copyIntoWithCancel(AbstractPipeline.java:498)
at java.util.stream.AbstractPipeline.copyInto(AbstractPipeline.java:485)
at java.util.stream.AbstractPipeline.wrapAndCopyInto(AbstractPipeline.java:471)
at java.util.stream.FindOps$FindOp.evaluateSequential(FindOps.java:152)
at java.util.stream.AbstractPipeline.evaluate(AbstractPipeline.java:234)
at java.util.stream.ReferencePipeline.findFirst(ReferencePipeline.java:464)
at org.openqa.selenium.remote.ProtocolHandshake.createSession(ProtocolHandshake.java:125)
at org.openqa.selenium.remote.ProtocolHandshake.createSession(ProtocolHandshake.java:74)
at org.openqa.selenium.remote.HttpCommandExecutor.execute(HttpCommandExecutor.java:136)
at org.openqa.selenium.remote.service.DriverCommandExecutor.execute(DriverCommandExecutor.java:83)
at org.openqa.selenium.remote.RemoteWebDriver.execute(RemoteWebDriver.java:552)
at org.openqa.selenium.remote.RemoteWebDriver.startSession(RemoteWebDriver.java:213)
at org.openqa.selenium.remote.RemoteWebDriver.<init>(RemoteWebDriver.java:131)
at org.openqa.selenium.chrome.ChromeDriver.<init>(ChromeDriver.java:181)
at org.openqa.selenium.chrome.ChromeDriver.<init>(ChromeDriver.java:168)
at org.openqa.selenium.chrome.ChromeDriver.<init>(ChromeDriver.java:123)
at RestAssured.Focus.BaseClass.selectBrowsers(BaseClass.java:16)
at sun.reflect.NativeMethodAccessorImpl.invoke0(Native Method)
at sun.reflect.NativeMethodAccessorImpl.invoke(NativeMethodAccessorImpl.java:62)
at sun.reflect.DelegatingMethodAccessorImpl.invoke(DelegatingMethodAccessorImpl.java:43)
at java.lang.reflect.Method.invoke(Method.java:498)
at org.testng.internal.MethodInvocationHelper.invokeMethod(MethodInvocationHelper.java:134)
at org.testng.internal.MethodInvocationHelper.invokeMethodConsideringTimeout(MethodInvocationHelper.java:63)
at org.testng.internal.ConfigInvoker.invokeConfigurationMethod(ConfigInvoker.java:348)
at org.testng.internal.ConfigInvoker.invokeConfigurations(ConfigInvoker.java:302)
at org.testng.internal.TestMethodWorker.invokeBeforeClassMethods(TestMethodWorker.java:176)
at org.testng.internal.TestMethodWorker.run(TestMethodWorker.java:122)
at java.util.ArrayList.forEach(ArrayList.java:1257)
at org.testng.TestRunner.privateRun(TestRunner.java:766)
at org.testng.TestRunner.run(TestRunner.java:587)
at org.testng.SuiteRunner.runTest(SuiteRunner.java:384)
at org.testng.SuiteRunner.access$000(SuiteRunner.java:28)
at org.testng.SuiteRunner$SuiteWorker.run(SuiteRunner.java:425)
at org.testng.internal.thread.ThreadUtil.lambda$execute$0(ThreadUtil.java:68)
at java.util.concurrent.FutureTask.run(FutureTask.java:266)
at java.util.concurrent.ThreadPoolExecutor.runWorker(ThreadPoolExecutor.java:1149)
at java.util.concurrent.ThreadPoolExecutor$Worker.run(ThreadPoolExecutor.java:624)
at java.lang.Thread.run(Thread.java:748)
]]>
            </full-stacktrace>
          </exception> <!-- org.openqa.selenium.SessionNotCreatedException -->
          <reporter-output>
          </reporter-output>
        </test-method> <!-- LoginTest -->
        <test-method status="SKIP" signature="tearDown()[pri:0, instance:RestAssured.Focus.Tc_006ApllyNowpage@15d0c81b]" name="tearDown" is-config="true" duration-ms="-1584157537941" started-at="2020-03-14T09:15:37 IST" finished-at="1970-01-01T05:30:00 IST">
          <reporter-output>
          </reporter-output>
        </test-method> <!-- tearDown -->
      </class> <!-- RestAssured.Focus.Tc_006ApllyNowpage -->
      <class name="RestAssured.Focus.Tc_003Residentialprogram">
        <test-method status="PASS" signature="selectBrowsers()[pri:0, instance:RestAssured.Focus.Tc_003Residentialprogram@3b088d51]" name="selectBrowsers" is-config="true" duration-ms="19909" started-at="2020-03-14T09:14:14 IST" finished-at="2020-03-14T09:14:34 IST">
          <reporter-output>
          </reporter-output>
        </test-method> <!-- selectBrowsers -->
        <test-method status="PASS" signature="LoginTest()[pri:0, instance:RestAssured.Focus.Tc_003Residentialprogram@3b088d51]" name="LoginTest" duration-ms="6452" started-at="2020-03-14T09:14:34 IST" finished-at="2020-03-14T09:14:40 IST">
          <reporter-output>
          </reporter-output>
        </test-method> <!-- LoginTest -->
        <test-method status="PASS" signature="tearDown()[pri:0, instance:RestAssured.Focus.Tc_003Residentialprogram@3b088d51]" name="tearDown" is-config="true" duration-ms="793" started-at="2020-03-14T09:14:40 IST" finished-at="2020-03-14T09:14:41 IST">
          <reporter-output>
          </reporter-output>
        </test-method> <!-- tearDown -->
      </class> <!-- RestAssured.Focus.Tc_003Residentialprogram -->
    </test> <!-- Test -->
>>>>>>> 49aa1a8e2f398e7235399b6f85fd9e7916244bd5
  </suite> <!-- Suite -->
</testng-results>
